2025-07-08 14:38:32,779 - GeneRegulationLogger - INFO - === 训练开始 ===
2025-07-08 14:38:32,779 - GeneRegulationLogger - INFO - 配置参数并加载数据
2025-07-08 14:38:33,039 - GeneRegulationLogger - INFO - === 阶段1：三视图对比预训练 (50轮) ===
2025-07-08 14:38:33,453 - GeneRegulationLogger - INFO - [Epoch 1] 新最佳损失: 7.0112 | 模型已保存
2025-07-08 14:38:33,479 - GeneRegulationLogger - INFO - [Epoch 2] 新最佳损失: 7.0106 | 模型已保存
2025-07-08 14:38:33,504 - GeneRegulationLogger - INFO - [Epoch 3] 新最佳损失: 6.9759 | 模型已保存
2025-07-08 14:38:33,531 - GeneRegulationLogger - INFO - [Epoch 4] 新最佳损失: 6.9592 | 模型已保存
2025-07-08 14:38:33,557 - GeneRegulationLogger - INFO - [Epoch 5] 新最佳损失: 6.9410 | 模型已保存
2025-07-08 14:38:33,586 - GeneRegulationLogger - INFO - [Epoch 6] 新最佳损失: 6.9233 | 模型已保存
2025-07-08 14:38:33,613 - GeneRegulationLogger - INFO - [Epoch 7] 新最佳损失: 6.9033 | 模型已保存
2025-07-08 14:38:33,641 - GeneRegulationLogger - INFO - [Epoch 8] 新最佳损失: 6.8835 | 模型已保存
2025-07-08 14:38:33,672 - GeneRegulationLogger - INFO - [Epoch 9] 新最佳损失: 6.8574 | 模型已保存
2025-07-08 14:38:33,703 - GeneRegulationLogger - INFO - [Epoch 10] 新最佳损失: 6.8228 | 模型已保存
2025-07-08 14:38:33,733 - GeneRegulationLogger - INFO - [Epoch 11] 新最佳损失: 6.7763 | 模型已保存
2025-07-08 14:38:33,767 - GeneRegulationLogger - INFO - [Epoch 12] 新最佳损失: 6.7112 | 模型已保存
2025-07-08 14:38:33,799 - GeneRegulationLogger - INFO - [Epoch 13] 新最佳损失: 6.6291 | 模型已保存
2025-07-08 14:38:33,836 - GeneRegulationLogger - INFO - [Epoch 14] 新最佳损失: 6.5430 | 模型已保存
2025-07-08 14:38:33,872 - GeneRegulationLogger - INFO - [Epoch 15] 新最佳损失: 6.4294 | 模型已保存
2025-07-08 14:38:33,907 - GeneRegulationLogger - INFO - [Epoch 16] 新最佳损失: 6.2699 | 模型已保存
2025-07-08 14:38:33,944 - GeneRegulationLogger - INFO - [Epoch 17] 新最佳损失: 6.1214 | 模型已保存
2025-07-08 14:38:33,982 - GeneRegulationLogger - INFO - [Epoch 18] 新最佳损失: 5.9870 | 模型已保存
2025-07-08 14:38:34,021 - GeneRegulationLogger - INFO - [Epoch 19] 新最佳损失: 5.8120 | 模型已保存
2025-07-08 14:38:34,059 - GeneRegulationLogger - INFO - [Epoch 20] 新最佳损失: 5.6533 | 模型已保存
2025-07-08 14:38:34,098 - GeneRegulationLogger - INFO - [Epoch 21] 新最佳损失: 5.5423 | 模型已保存
2025-07-08 14:38:34,137 - GeneRegulationLogger - INFO - [Epoch 22] 新最佳损失: 5.4101 | 模型已保存
2025-07-08 14:38:34,175 - GeneRegulationLogger - INFO - [Epoch 23] 新最佳损失: 5.3306 | 模型已保存
2025-07-08 14:38:34,214 - GeneRegulationLogger - INFO - [Epoch 24] 新最佳损失: 5.2558 | 模型已保存
2025-07-08 14:38:34,252 - GeneRegulationLogger - INFO - [Epoch 25] 新最佳损失: 5.1627 | 模型已保存
2025-07-08 14:38:34,291 - GeneRegulationLogger - INFO - [Epoch 26] 新最佳损失: 5.0903 | 模型已保存
2025-07-08 14:38:34,331 - GeneRegulationLogger - INFO - [Epoch 27] 新最佳损失: 5.0437 | 模型已保存
2025-07-08 14:38:34,373 - GeneRegulationLogger - INFO - [Epoch 28] 新最佳损失: 4.9521 | 模型已保存
2025-07-08 14:38:34,417 - GeneRegulationLogger - INFO - [Epoch 29] 新最佳损失: 4.9158 | 模型已保存
2025-07-08 14:38:34,455 - GeneRegulationLogger - INFO - [Epoch 30] 新最佳损失: 4.8592 | 模型已保存
2025-07-08 14:38:34,494 - GeneRegulationLogger - INFO - [Epoch 31] 新最佳损失: 4.7873 | 模型已保存
2025-07-08 14:38:34,534 - GeneRegulationLogger - INFO - [Epoch 32] 新最佳损失: 4.7655 | 模型已保存
2025-07-08 14:38:34,573 - GeneRegulationLogger - INFO - [Epoch 33] 新最佳损失: 4.7362 | 模型已保存
2025-07-08 14:38:34,613 - GeneRegulationLogger - INFO - [Epoch 34] 新最佳损失: 4.6563 | 模型已保存
2025-07-08 14:38:34,653 - GeneRegulationLogger - INFO - [Epoch 35] 新最佳损失: 4.5926 | 模型已保存
2025-07-08 14:38:34,693 - GeneRegulationLogger - INFO - [Epoch 36] 新最佳损失: 4.5357 | 模型已保存
2025-07-08 14:38:34,734 - GeneRegulationLogger - INFO - [Epoch 37] 新最佳损失: 4.4792 | 模型已保存
2025-07-08 14:38:34,773 - GeneRegulationLogger - INFO - [Epoch 38] 新最佳损失: 4.4171 | 模型已保存
2025-07-08 14:38:34,813 - GeneRegulationLogger - INFO - [Epoch 39] 新最佳损失: 4.3529 | 模型已保存
2025-07-08 14:38:34,851 - GeneRegulationLogger - INFO - [Epoch 40] 新最佳损失: 4.3265 | 模型已保存
2025-07-08 14:38:34,891 - GeneRegulationLogger - INFO - [Epoch 41] 新最佳损失: 4.2378 | 模型已保存
2025-07-08 14:38:34,930 - GeneRegulationLogger - INFO - [Epoch 42] 新最佳损失: 4.1833 | 模型已保存
2025-07-08 14:38:34,970 - GeneRegulationLogger - INFO - [Epoch 43] 新最佳损失: 4.1549 | 模型已保存
2025-07-08 14:38:35,106 - GeneRegulationLogger - INFO - [Epoch 47] 新最佳损失: 4.0156 | 模型已保存
2025-07-08 14:38:35,184 - GeneRegulationLogger - INFO - [Epoch 49] 新最佳损失: 3.9767 | 模型已保存
2025-07-08 14:38:35,218 - GeneRegulationLogger - INFO - === 阶段1完成: 最佳损失 3.9767 ===
2025-07-08 14:38:35,218 - GeneRegulationLogger - INFO - === 阶段2：下游任务微调 (50轮) ===
2025-07-08 14:38:36,911 - GeneRegulationLogger - INFO - [Epoch 1] 新最佳验证AUC: 0.5557 | 模型已保存
2025-07-08 14:38:38,452 - GeneRegulationLogger - INFO - [Epoch 2] 新最佳验证AUC: 0.5633 | 模型已保存
2025-07-08 14:38:41,642 - GeneRegulationLogger - INFO - [Epoch 4] 新最佳验证AUC: 0.5761 | 模型已保存
2025-07-08 14:38:55,720 - GeneRegulationLogger - INFO - [Epoch 13] 新最佳验证AUC: 0.5790 | 模型已保存
2025-07-08 14:38:57,301 - GeneRegulationLogger - INFO - [Epoch 14] 新最佳验证AUC: 0.5843 | 模型已保存
2025-07-08 14:39:08,121 - GeneRegulationLogger - INFO - [Epoch 21] 新最佳验证AUC: 0.5907 | 模型已保存
2025-07-08 14:39:09,710 - GeneRegulationLogger - INFO - [Epoch 22] 新最佳验证AUC: 0.5913 | 模型已保存
2025-07-08 14:39:11,249 - GeneRegulationLogger - INFO - [Epoch 23] 新最佳验证AUC: 0.5964 | 模型已保存
2025-07-08 14:39:14,342 - GeneRegulationLogger - INFO - [Epoch 25] 新最佳验证AUC: 0.5990 | 模型已保存
2025-07-08 14:39:15,877 - GeneRegulationLogger - INFO - [Epoch 26] 新最佳验证AUC: 0.6089 | 模型已保存
2025-07-08 14:39:17,404 - GeneRegulationLogger - INFO - [Epoch 27] 新最佳验证AUC: 0.6133 | 模型已保存
2025-07-08 14:39:18,965 - GeneRegulationLogger - INFO - [Epoch 28] 新最佳验证AUC: 0.6138 | 模型已保存
2025-07-08 14:39:20,525 - GeneRegulationLogger - INFO - [Epoch 29] 新最佳验证AUC: 0.6253 | 模型已保存
2025-07-08 14:39:23,708 - GeneRegulationLogger - INFO - [Epoch 31] 新最佳验证AUC: 0.6357 | 模型已保存
2025-07-08 14:39:28,403 - GeneRegulationLogger - INFO - [Epoch 34] 新最佳验证AUC: 0.6366 | 模型已保存
2025-07-08 14:39:29,940 - GeneRegulationLogger - INFO - [Epoch 35] 新最佳验证AUC: 0.6388 | 模型已保存
2025-07-08 14:39:31,514 - GeneRegulationLogger - INFO - [Epoch 36] 新最佳验证AUC: 0.6467 | 模型已保存
2025-07-08 14:39:33,074 - GeneRegulationLogger - INFO - [Epoch 37] 新最佳验证AUC: 0.6495 | 模型已保存
2025-07-08 14:39:36,144 - GeneRegulationLogger - INFO - [Epoch 39] 新最佳验证AUC: 0.6627 | 模型已保存
2025-07-08 14:39:50,187 - GeneRegulationLogger - INFO - [Epoch 48] 新最佳验证AUC: 0.6690 | 模型已保存
2025-07-08 14:39:53,229 - GeneRegulationLogger - INFO - === 最终测试评估 ===
2025-07-08 14:39:53,997 - GeneRegulationLogger - INFO - 训练完成! 耗时: 1.35分钟
2025-07-08 14:39:53,997 - GeneRegulationLogger - INFO - 验证集最佳AUC: 0.6690
2025-07-08 14:39:53,997 - GeneRegulationLogger - INFO - 测试集结果 - AUC: 0.6780 | AUPRC: 0.6599
